ISim log file
Running: C:\Users\Marcelo\Documents\GitHub\EV-20-Grupo2\RAM\RAM_main_RAM_main_sch_tb_isim_beh.exe -intstyle ise -gui -tclbatch isim.cmd -wdb C:/Users/Marcelo/Documents/GitHub/EV-20-Grupo2/RAM/RAM_main_RAM_main_sch_tb_isim_beh.wdb 
ISim P.20131013 (signature 0x7708f090)
WARNING: A WEBPACK license was found.
WARNING: Please use Xilinx License Configuration Manager to check out a full ISim license.
WARNING: ISim will run in Lite mode. Please refer to the ISim documentation for more information on the differences between the Lite and the Full version.
This is a Lite version of ISim.
Time resolution is 1 ps
# onerror resume
# wave add /
# run 1000 ns
Simulator is doing circuit initialization process.
Finished circuit initialization process.
# isim force add /RAM_main_RAM_main_sch_tb/GND 0 -radix hex
# isim force add /RAM_main_RAM_main_sch_tb/MemADDR 0 -radix hex
# isim force add /RAM_main_RAM_main_sch_tb/Rd 0 -radix bin
# isim force add /RAM_main_RAM_main_sch_tb/Wr 1 -radix bin
# isim force add /RAM_main_RAM_main_sch_tb/CLK 0 -radix bin
# isim force add /RAM_main_RAM_main_sch_tb/ToFromW abcd -radix hex
# run 1.00us
# isim force add /RAM_main_RAM_main_sch_tb/CLK 1 -radix bin
# run 1.00us
# isim force add /RAM_main_RAM_main_sch_tb/CLK 0 -radix bin
# run 1.00us
# isim force add /RAM_main_RAM_main_sch_tb/Wr 0 -radix bin
# isim force add /RAM_main_RAM_main_sch_tb/Rd 1 -radix bin
# isim force add /RAM_main_RAM_main_sch_tb/MemADDR 1 -radix hex
# run 1.00us
# isim force remove /RAM_main_RAM_main_sch_tb/ToFromW
# run 1.00us
# run 1.00us
# run 1.00us
# isim force add /RAM_main_RAM_main_sch_tb/CLK 1 -radix bin
# run 1.00us
# run 1.00us
# isim force add /RAM_main_RAM_main_sch_tb/CLK 0 -radix bin
# run 1.00us
# run 1.00us
# isim force add /RAM_main_RAM_main_sch_tb/MemADDR 0 -radix hex
# run 1.00us
# isim force add /RAM_main_RAM_main_sch_tb/CLK 1 -radix bin
# run 1.00us
# run 1.00us
# isim force add /RAM_main_RAM_main_sch_tb/CLK 0 -radix bin
# run 1.00us
# isim force add /RAM_main_RAM_main_sch_tb/ToFromW 1234 -radix hex
# isim force add /RAM_main_RAM_main_sch_tb/MemADDR 1 -radix hex
# run 1.00us
# isim force add /RAM_main_RAM_main_sch_tb/Wr 1 -radix bin
# isim force add /RAM_main_RAM_main_sch_tb/Rd 0 -radix bin
# run 1.00us
# isim force add /RAM_main_RAM_main_sch_tb/CLK 1 -radix bin
# run 1.00us
# isim force add /RAM_main_RAM_main_sch_tb/CLK 0 -radix bin
# run 1.00us
# isim force add /RAM_main_RAM_main_sch_tb/Wr 0 -radix bin
# run 1.00us
# isim force remove /RAM_main_RAM_main_sch_tb/ToFromW
# run 1.00us
# run 1.00us
# isim force add /RAM_main_RAM_main_sch_tb/Rd 1 -radix bin
# run 1.00us
# isim force add /RAM_main_RAM_main_sch_tb/CLK 1 -radix bin
# run 1.00us
# run 1.00us
# isim force add /RAM_main_RAM_main_sch_tb/MemADDR 0 -radix hex
# run 1.00us
# isim force add /RAM_main_RAM_main_sch_tb/CLK 0 -radix bin
# run 1.00us
# isim force add /RAM_main_RAM_main_sch_tb/CLK 1 -radix bin
# run 1.00us
# isim force add /RAM_main_RAM_main_sch_tb/CLK 0 -radix bin
# run 1.00us
# isim force add /RAM_main_RAM_main_sch_tb/ToFromW 5678 -radix hex
# isim force add /RAM_main_RAM_main_sch_tb/Wr 1 -radix bin
# isim force add /RAM_main_RAM_main_sch_tb/Rd 0 -radix bin
# isim force add /RAM_main_RAM_main_sch_tb/MemADDR 2 -radix hex
# run 1.00us
# isim force add /RAM_main_RAM_main_sch_tb/CLK 1 -radix hex
# run 1.00us
# isim force remove /RAM_main_RAM_main_sch_tb/ToFromW
# isim force add /RAM_main_RAM_main_sch_tb/CLK 0 -radix bin
# isim force add /RAM_main_RAM_main_sch_tb/Wr 0 -radix bin
# isim force add /RAM_main_RAM_main_sch_tb/MemADDR 0 -radix hex
# run 1.00us
# isim force add /RAM_main_RAM_main_sch_tb/MemADDR 1 -radix hex
# run 1.00us
# run 1.00us
# run 1.00us
# isim force add /RAM_main_RAM_main_sch_tb/CLK 1 -radix bin
# run 1.00us
# run 1.00us
# isim force add /RAM_main_RAM_main_sch_tb/CLK 0 -radix bin
# run 1.00us
# isim force add /RAM_main_RAM_main_sch_tb/Rd 1 -radix bin
# run 1.00us
# run 1.00us
# isim force add /RAM_main_RAM_main_sch_tb/CLK 1 -radix bin
# run 1.00us
# isim force add /RAM_main_RAM_main_sch_tb/CLK 0 -radix bin
# run 1.00us
# isim force add /RAM_main_RAM_main_sch_tb/MemADDR 2 -radix hex
# run 1.00us
# run 1.00us
# isim force add /RAM_main_RAM_main_sch_tb/Rd 0 -radix bin
# run 1.00us
# isim force add /RAM_main_RAM_main_sch_tb/Rd 1 -radix bin
# run 1.00us
# isim force add /RAM_main_RAM_main_sch_tb/CLK 1 -radix bin
# run 1.00us
# isim force add /RAM_main_RAM_main_sch_tb/CLK 0 -radix bin
# run 1.00us
# isim force add /RAM_main_RAM_main_sch_tb/Rd 0 -radix bin
# isim force add /RAM_main_RAM_main_sch_tb/Wr 1 -radix bin
# isim force add /RAM_main_RAM_main_sch_tb/MemADDR 0 -radix hex
# run 1.00us
# isim force add /RAM_main_RAM_main_sch_tb/ToFromW 3698 -radix hex
# run 1.00us
# isim force add /RAM_main_RAM_main_sch_tb/CLK 1 -radix bin
# run 1.00us
# isim force remove /RAM_main_RAM_main_sch_tb/ToFromW
# isim force add /RAM_main_RAM_main_sch_tb/Wr 0 -radix bin
# isim force add /RAM_main_RAM_main_sch_tb/CLK 0 -radix bin
# run 1.00us
