Command line:
   merge_conIR_isim_beh.exe
     -simmode  gui
     -simrunnum  0
     -socket  2535

Sat Jun 06 23:28:01 2020


 Elaboration Time: 0.1875 sec

 Current Memory Usage: 858.763 Meg

 Total Signals          : 2042
 Total Nets             : 994
 Total Signal Drivers   : 372
 Total Blocks           : 500
 Total Primitive Blocks : 273
 Total Processes        : 514
 Total Traceable Variables  : 287
 Total Scalar Nets and Variables : 32991
Total Line Count : 842
Total Line Count : 842
Total Line Count : 842

 Total Simulation Time: 1.85938 sec

 Current Memory Usage: 386.904 Meg

Sun Jun 07 00:24:28 2020

