Command line:
   demux_bus16b_sel5b_isim_beh.exe
     -simmode  gui
     -simrunnum  0
     -socket  58823

Fri May 29 15:49:34 2020


 Elaboration Time: 0.046875 sec

 Current Memory Usage: 5164.28 Meg

 Total Signals          : 325
 Total Nets             : 1026
 Total Signal Drivers   : 67
 Total Blocks           : 47
 Total Primitive Blocks : 32
 Total Processes        : 68
 Total Traceable Variables  : 18
 Total Scalar Nets and Variables : 1106
Total Line Count : 76

 Total Simulation Time: 0.203125 sec

 Current Memory Usage: 5006.99 Meg

Fri May 29 15:53:35 2020

