Command line:
   mux5_isim_beh.exe
     -simmode  gui
     -simrunnum  0
     -socket  2454

Sun May 31 17:40:25 2020


 Elaboration Time: 0.09375 sec

 Current Memory Usage: 846.082 Meg

 Total Signals          : 57
 Total Nets             : 26
 Total Signal Drivers   : 10
 Total Blocks           : 13
 Total Primitive Blocks : 5
 Total Processes        : 15
 Total Traceable Variables  : 22
 Total Scalar Nets and Variables : 110
Total Line Count : 31

 Total Simulation Time: 0.109375 sec

 Current Memory Usage: 688.796 Meg

Sun May 31 17:41:28 2020

