Command line:
   register_bank_easy_isim_beh.exe
     -simmode  gui
     -simrunnum  0
     -socket  52872

Thu Jun 04 06:02:39 2020


 Elaboration Time: 0.09375 sec

 Current Memory Usage: 5188.64 Meg

 Total Signals          : 3272
 Total Nets             : 5797
 Total Signal Drivers   : 427
 Total Blocks           : 423
 Total Primitive Blocks : 295
 Total Processes        : 463
 Total Traceable Variables  : 53
 Total Scalar Nets and Variables : 6437
Total Line Count : 608

 Total Simulation Time: 0.515625 sec

 Current Memory Usage: 5031.35 Meg

Thu Jun 04 06:16:50 2020

