Command line:
   UC2_isim_beh.exe
     -simmode  gui
     -simrunnum  0
     -socket  1741

Mon Jun 01 16:36:34 2020


 Elaboration Time: 0.140625 sec

 Current Memory Usage: 846.635 Meg

 Total Signals          : 204
 Total Nets             : 108
 Total Signal Drivers   : 49
 Total Blocks           : 49
 Total Primitive Blocks : 45
 Total Processes        : 50
 Total Traceable Variables  : 18
 Total Scalar Nets and Variables : 188
Total Line Count : 14
Total Line Count : 14

 Total Simulation Time: 0.3125 sec

 Current Memory Usage: 689.349 Meg

Mon Jun 01 17:01:55 2020

