Command line:
   reg_to_bus_2bit_sel_reg_to_bus_2bit_sel_sch_tb_isim_beh.exe
     -simmode  gui
     -simrunnum  0
     -socket  64989

Thu May 28 10:52:11 2020


 Elaboration Time: 0.03125 sec

 Current Memory Usage: 5159.49 Meg

 Total Signals          : 34
 Total Nets             : 127
 Total Signal Drivers   : 13
 Total Blocks           : 6
 Total Primitive Blocks : 4
 Total Processes        : 14
 Total Traceable Variables  : 23
 Total Scalar Nets and Variables : 273
Total Line Count : 17

 Total Simulation Time: 0.15625 sec

 Current Memory Usage: 5002.21 Meg

Thu May 28 11:02:34 2020

