Command line:
   demux_bus16b_sel1b_isim_beh.exe
     -simmode  gui
     -simrunnum  0
     -socket  54029

Fri May 29 09:50:47 2020


 Elaboration Time: 0.03125 sec

 Current Memory Usage: 5159.48 Meg

 Total Signals          : 17
 Total Nets             : 62
 Total Signal Drivers   : 7
 Total Blocks           : 2
 Total Primitive Blocks : 2
 Total Processes        : 8
 Total Traceable Variables  : 18
 Total Scalar Nets and Variables : 142
Total Line Count : 16

 Total Simulation Time: 0.03125 sec

 Current Memory Usage: 5474.05 Meg

Fri May 29 09:51:25 2020

