Running: C:\Xilinx\14.7\ISE_DS\ISE\bin\nt64\unwrapped\fuse.exe -intstyle ise -incremental -lib unisims_ver -lib unimacro_ver -lib xilinxcorelib_ver -lib secureip -o C:/Users/Martina/Desktop/EV-20-Grupo2/Pipeline/MROM_isim_beh.exe -prj C:/Users/Martina/Desktop/EV-20-Grupo2/Pipeline/MROM_beh.prj work.MROM work.glbl 
ISim P.20131013 (signature 0x7708f090)
Number of CPUs detected in this system: 4
Turning on mult-threading, number of parallel sub-compilation jobs: 8 
Determining compilation order of HDL files
Analyzing Verilog file "C:/Users/Martina/Desktop/EV-20-Grupo2/Pipeline/ipcore_dir/MicroinstructionROM.v" into library work
Analyzing Verilog file "C:/Users/Martina/Desktop/EV-20-Grupo2/Pipeline/MROM.vf" into library work
Analyzing Verilog file "C:/Users/Martina/Desktop/EV-20-Grupo2/Pipeline/COMP4.vf" into library work
Analyzing Verilog file "C:/Users/Martina/Desktop/EV-20-Grupo2/Pipeline/COMP5.vf" into library work
Analyzing Verilog file "C:/Xilinx/14.7/ISE_DS/ISE//verilog/src/glbl.v" into library work
Starting static elaboration
Completed static elaboration
Compiling module DIST_MEM_GEN_V7_2(C_FAMILY="arti...
Compiling module MicroinstructionROM
Compiling module MROM
Compiling module glbl
Time Resolution for simulation is 1ps.
Waiting for 1 sub-compilation(s) to finish...
Compiled 4 Verilog Units
Built simulation executable C:/Users/Martina/Desktop/EV-20-Grupo2/Pipeline/MROM_isim_beh.exe
Fuse Memory Usage: 29564 KB
Fuse CPU Usage: 577 ms
