ISim log file
Running: C:\Users\Martina\Desktop\EV-20-Grupo2\Pipeline\Tuberia_isim_beh.exe -intstyle ise -gui -tclbatch isim.cmd -wdb C:/Users/Martina/Desktop/EV-20-Grupo2/Pipeline/Tuberia_isim_beh.wdb 
The simulator has terminated in an unexpected manner.  Please review the ISim log (isim.log) for details.
INFO: There is another simulation running in the same directory. Using database file name isim1.wdb.
ISim P.20131013 (signature 0x7708f090)
WARNING: A WEBPACK license was found.
WARNING: Please use Xilinx License Configuration Manager to check out a full ISim license.
WARNING: ISim will run in Lite mode. Please refer to the ISim documentation for more information on the differences between the Lite and the Full version.
This is a Lite version of ISim.
Time resolution is 1 ps
# onerror resume
# wave add /
# run 1000 ns
Simulator is doing circuit initialization process.
Finished circuit initialization process.
# isim force add /Tuberia/ABUS 11111 -radix bin
# isim force add /Tuberia/ALU 1111 -radix bin
# isim force add /Tuberia/TYPEIN 1111111 -radix bin
# isim force add /Tuberia/CLK2 1 -radix bin -value 0 -radix bin -time 17500 ps -repeat 35 ns
# run all
Stopped at time : 1000100 ps : File "C:/Users/Martina/Desktop/EV-20-Grupo2/Pipeline/Tuberia.vf" Line 37
# isim force add /Tuberia/BBUS 111111 -radix bin
# run all
Stopped at time : 1000100 ps : File "C:/Users/Martina/Desktop/EV-20-Grupo2/Pipeline/Tuberia.vf" Line 37
ISim P.20131013 (signature 0x7708f090)
WARNING: A WEBPACK license was found.
WARNING: Please use Xilinx License Configuration Manager to check out a full ISim license.
WARNING: ISim will run in Lite mode. Please refer to the ISim documentation for more information on the differences between the Lite and the Full version.
This is a Lite version of ISim.
# run 1000 ns
Simulator is doing circuit initialization process.
Finished circuit initialization process.
# isim force add /Tuberia/ABUS 11111 -radix bin
# isim force add /Tuberia/ALU 1111 -radix bin
# isim force add /Tuberia/BBUS 111111 -radix bin
# isim force add /Tuberia/CBUS 111111 -radix bin
# isim force add /Tuberia/CLK2 1 -radix bin -value 0 -radix bin -time 17500 ps -repeat 35 ns
# isim force add /Tuberia/DAdd 1111111111 -radix bin
# isim force add /Tuberia/KMX 1 -radix bin
# isim force add /Tuberia/MEM 11 -radix bin
# isim force add /Tuberia/SH 11 -radix bin
# isim force add /Tuberia/TYPEIN 1111111 -radix bin
# run all
Stopped at time : 1000100 ps : File "C:/Users/Martina/Desktop/EV-20-Grupo2/Pipeline/Tuberia.vf" Line 37
