ISim log file
Running: C:\Users\PC 64\Desktop\Luciano Games\IK Electronic Engineering\Electronica V\MicroinstructionROM\MROM_isim_beh.exe -intstyle ise -gui -tclbatch isim.cmd -wdb C:/Users/PC 64/Desktop/Luciano Games/IK Electronic Engineering/Electronica V/MicroinstructionROM/MROM_isim_beh.wdb 
ISim P.20131013 (signature 0x7708f090)
WARNING: A WEBPACK license was found.
WARNING: Please use Xilinx License Configuration Manager to check out a full ISim license.
WARNING: ISim will run in Lite mode. Please refer to the ISim documentation for more information on the differences between the Lite and the Full version.
This is a Lite version of ISim.
Time resolution is 1 ps
# onerror resume
# wave add /
# run 1000 ns
Simulator is doing circuit initialization process.
WARNING: This core is supplied with a behavioral model. To model cycle-accurate behavior you must run timing simulation.
Finished circuit initialization process.
# isim force add /MROM/CLK_ROM 1 -radix bin -value 0 -radix bin -time 500 ps -repeat 1 ns
# isim force add /MROM/CLK_ROM 1 -radix bin -value 0 -radix bin -time 500 ps -repeat 1 ns
# isim force add /MROM/ROM_RESET 0 -radix bin
# isim force add /MROM/Bus_B 0000000 -radix bin
# isim force add /MROM/Bus_B 0000000 -radix bin
# run 1.00us
