Command line:
   demux2b_w_en_isim_beh.exe
     -simmode  gui
     -simrunnum  0
     -socket  60665

Fri May 29 17:49:58 2020


 Elaboration Time: 0.03125 sec

 Current Memory Usage: 5159.52 Meg

 Total Signals          : 36
 Total Nets             : 23
 Total Signal Drivers   : 11
 Total Blocks           : 5
 Total Primitive Blocks : 4
 Total Processes        : 12
 Total Traceable Variables  : 18
 Total Scalar Nets and Variables : 103
Total Line Count : 20

 Total Simulation Time: 0.09375 sec

 Current Memory Usage: 5002.24 Meg

Fri May 29 17:52:21 2020

