Command line:
   register_bank_easy_isim_beh.exe
     -simmode  gui
     -simrunnum  0
     -socket  63881

Sat Jun 06 17:46:31 2020


 Elaboration Time: 0.140625 sec

 Current Memory Usage: 5188.68 Meg

 Total Signals          : 4596
 Total Nets             : 7720
 Total Signal Drivers   : 667
 Total Blocks           : 710
 Total Primitive Blocks : 479
 Total Processes        : 731
 Total Traceable Variables  : 81
 Total Scalar Nets and Variables : 8808
Total Line Count : 732

 Total Simulation Time: 0.15625 sec

 Current Memory Usage: 5188.68 Meg

Sat Jun 06 17:46:50 2020

