Running: C:\Xilinx\14.7\ISE_DS\ISE\bin\nt64\unwrapped\fuse.exe -intstyle ise -incremental -lib unisims_ver -lib unimacro_ver -lib xilinxcorelib_ver -lib secureip -o C:/Users/Marcelo/Documents/GitHub/EV-20-Grupo2/MicroinstructionROM2/unionMagica_isim_beh.exe -prj C:/Users/Marcelo/Documents/GitHub/EV-20-Grupo2/MicroinstructionROM2/unionMagica_beh.prj work.unionMagica work.glbl 
ISim P.20131013 (signature 0x7708f090)
Number of CPUs detected in this system: 8
Turning on mult-threading, number of parallel sub-compilation jobs: 16 
Determining compilation order of HDL files
Analyzing Verilog file "C:/Users/Marcelo/Documents/GitHub/EV-20-Grupo2/MicroinstructionROM2/voider.v" into library work
Analyzing Verilog file "C:/Users/Marcelo/Documents/GitHub/EV-20-Grupo2/MicroinstructionROM2/stack_manager.v" into library work
Analyzing Verilog file "C:/Users/Marcelo/Documents/GitHub/EV-20-Grupo2/MicroinstructionROM2/rest2.v" into library work
Analyzing Verilog file "C:/Users/Marcelo/Documents/GitHub/EV-20-Grupo2/MicroinstructionROM2/RAM_internal.v" into library work
Analyzing Verilog file "C:/Users/Marcelo/Documents/GitHub/EV-20-Grupo2/MicroinstructionROM2/pc_increment_v2.v" into library work
Analyzing Verilog file "C:/Users/Marcelo/Documents/GitHub/EV-20-Grupo2/MicroinstructionROM2/instruction_register_v2.v" into library work
Analyzing Verilog file "C:/Users/Marcelo/Documents/GitHub/EV-20-Grupo2/MicroinstructionROM2/bloqueSaltos.v" into library work
Analyzing Verilog file "C:/Users/Marcelo/Documents/GitHub/EV-20-Grupo2/MicroinstructionROM2/unionMagica.vf" into library work
Analyzing Verilog file "C:/Xilinx/14.7/ISE_DS/ISE//verilog/src/glbl.v" into library work
Starting static elaboration
Completed static elaboration
Compiling module AND2
Compiling module VCC
Compiling module GND
Compiling module INV
Compiling module instruction_register_v2
Compiling module voider
Compiling module pc_increment_v2_module
Compiling module bloqueSaltos
Compiling module stack_manager
Compiling module rest2
Compiling module RAM_internal
Compiling module unionMagica
Compiling module glbl
Time Resolution for simulation is 1ps.
Waiting for 1 sub-compilation(s) to finish...
WARNING:Simulator - Unable to copy libPortabilityNOSH.dll to the simulation executable directory: boost::filesystem::copy_file: The system cannot find the path specified, "isim\unionMagica_isim_beh.exe.sim\libPortability.dll".
Compiled 13 Verilog Units
Built simulation executable C:/Users/Marcelo/Documents/GitHub/EV-20-Grupo2/MicroinstructionROM2/unionMagica_isim_beh.exe
Fuse Memory Usage: 27476 KB
Fuse CPU Usage: 406 ms
