Command line:
   unionMagica_isim_beh.exe
     -simmode  gui
     -simrunnum  0
     -socket  54859

Sun Jun 07 16:57:54 2020


 Elaboration Time: 0.28125 sec

 Current Memory Usage: 5833.32 Meg

 Total Signals          : 84
 Total Nets             : 197
 Total Signal Drivers   : 63
 Total Blocks           : 13
 Total Primitive Blocks : 12
 Total Processes        : 70
 Total Traceable Variables  : 29
 Total Scalar Nets and Variables : 22996
Total Line Count : 125

 Total Simulation Time: 0.671875 sec

 Current Memory Usage: 5361.43 Meg

Sun Jun 07 16:59:13 2020

