Release 14.7 - xst P.20131013 (nt64)
Copyright (c) 1995-2013 Xilinx, Inc.  All rights reserved.
--> Parameter TMPDIR set to xst/projnav.tmp


Total REAL time to Xst completion: 0.00 secs
Total CPU time to Xst completion: 0.08 secs
 
--> Parameter xsthdpdir set to xst


Total REAL time to Xst completion: 0.00 secs
Total CPU time to Xst completion: 0.08 secs
 
--> Reading design: pc_increment_module.prj

TABLE OF CONTENTS
  1) Synthesis Options Summary
  2) HDL Parsing
  3) HDL Elaboration
  4) HDL Synthesis
       4.1) HDL Synthesis Report
  5) Advanced HDL Synthesis
       5.1) Advanced HDL Synthesis Report
  6) Low Level Synthesis
  7) Partition Report
  8) Design Summary
       8.1) Primitive and Black Box Usage
       8.2) Device utilization summary
       8.3) Partition Resource Summary
       8.4) Timing Report
            8.4.1) Clock Information
            8.4.2) Asynchronous Control Signals Information
            8.4.3) Timing Summary
            8.4.4) Timing Details
            8.4.5) Cross Clock Domains Report


=========================================================================
*                      Synthesis Options Summary                        *
=========================================================================
---- Source Parameters
Input File Name                    : "pc_increment_module.prj"
Ignore Synthesis Constraint File   : NO

---- Target Parameters
Output File Name                   : "pc_increment_module"
Output Format                      : NGC
Target Device                      : xc7a200t-3-fbg484

---- Source Options
Top Module Name                    : pc_increment_module
Automatic FSM Extraction           : YES
FSM Encoding Algorithm             : Auto
Safe Implementation                : No
FSM Style                          : LUT
RAM Extraction                     : Yes
RAM Style                          : Auto
ROM Extraction                     : Yes
Shift Register Extraction          : YES
ROM Style                          : Auto
Resource Sharing                   : YES
Asynchronous To Synchronous        : NO
Shift Register Minimum Size        : 2
Use DSP Block                      : Auto
Automatic Register Balancing       : No

---- Target Options
LUT Combining                      : Auto
Reduce Control Sets                : Auto
Add IO Buffers                     : YES
Global Maximum Fanout              : 100000
Add Generic Clock Buffer(BUFG)     : 32
Register Duplication               : YES
Optimize Instantiated Primitives   : NO
Use Clock Enable                   : Auto
Use Synchronous Set                : Auto
Use Synchronous Reset              : Auto
Pack IO Registers into IOBs        : Auto
Equivalent register Removal        : YES

---- General Options
Optimization Goal                  : Speed
Optimization Effort                : 1
Power Reduction                    : NO
Keep Hierarchy                     : No
Netlist Hierarchy                  : As_Optimized
RTL Output                         : Yes
Global Optimization                : AllClockNets
Read Cores                         : YES
Write Timing Constraints           : NO
Cross Clock Analysis               : NO
Hierarchy Separator                : /
Bus Delimiter                      : <>
Case Specifier                     : Maintain
Slice Utilization Ratio            : 100
BRAM Utilization Ratio             : 100
DSP48 Utilization Ratio            : 100
Auto BRAM Packing                  : NO
Slice Utilization Ratio Delta      : 5

=========================================================================


=========================================================================
*                          HDL Parsing                                  *
=========================================================================
Analyzing Verilog file "C:\Users\Ariel\Documents\GitHub\EV-20-Grupo2\Ari-pc-incremento\pc-increment\pc_increment_module.v" into library work
Parsing module <pc_increment_module>.

=========================================================================
*                            HDL Elaboration                            *
=========================================================================

Elaborating module <pc_increment_module>.
WARNING:HDLCompiler:413 - "C:\Users\Ariel\Documents\GitHub\EV-20-Grupo2\Ari-pc-incremento\pc-increment\pc_increment_module.v" Line 40: Result of 13-bit expression is truncated to fit in 12-bit target.

=========================================================================
*                           HDL Synthesis                               *
=========================================================================

Synthesizing Unit <pc_increment_module>.
    Related source file is "C:\Users\Ariel\Documents\GitHub\EV-20-Grupo2\Ari-pc-incremento\pc-increment\pc_increment_module.v".
    Found 12-bit register for signal <Q>.
    Found 12-bit adder for signal <Q[11]_GND_1_o_add_1_OUT> created at line 40.
    Summary:
	inferred   1 Adder/Subtractor(s).
	inferred  12 D-type flip-flop(s).
	inferred   1 Multiplexer(s).
Unit <pc_increment_module> synthesized.

=========================================================================
HDL Synthesis Report

Macro Statistics
# Adders/Subtractors                                   : 1
 12-bit adder                                          : 1
# Registers                                            : 1
 12-bit register                                       : 1
# Multiplexers                                         : 1
 12-bit 2-to-1 multiplexer                             : 1

=========================================================================

=========================================================================
*                       Advanced HDL Synthesis                          *
=========================================================================


Synthesizing (advanced) Unit <pc_increment_module>.
The following registers are absorbed into counter <Q>: 1 register on signal <Q>.
Unit <pc_increment_module> synthesized (advanced).

=========================================================================
Advanced HDL Synthesis Report

Macro Statistics
# Counters                                             : 1
 12-bit up counter                                     : 1

=========================================================================

=========================================================================
*                         Low Level Synthesis                           *
=========================================================================

Optimizing unit <pc_increment_module> ...

Mapping all equations...
Building and optimizing final netlist ...
Found area constraint ratio of 100 (+ 5) on block pc_increment_module, actual ratio is 0.

Final Macro Processing ...

=========================================================================
Final Register Report

Macro Statistics
# Registers                                            : 12
 Flip-Flops                                            : 12

=========================================================================

=========================================================================
*                           Partition Report                            *
=========================================================================

Partition Implementation Status
-------------------------------

  No Partitions were found in this design.

-------------------------------

=========================================================================
*                            Design Summary                             *
=========================================================================

Top Level Output File Name         : pc_increment_module.ngc

Primitive and Black Box Usage:
------------------------------
# BELS                             : 37
#      GND                         : 1
#      LUT3                        : 13
#      MUXCY                       : 11
#      XORCY                       : 12
# FlipFlops/Latches                : 12
#      FDE                         : 12
# Clock Buffers                    : 1
#      BUFGP                       : 1
# IO Buffers                       : 27
#      IBUF                        : 15
#      OBUF                        : 12

Device utilization summary:
---------------------------

Selected Device : 7a200tfbg484-3 


Slice Logic Utilization: 
 Number of Slice Registers:              12  out of  269200     0%  
 Number of Slice LUTs:                   13  out of  134600     0%  
    Number used as Logic:                13  out of  134600     0%  

Slice Logic Distribution: 
 Number of LUT Flip Flop pairs used:     13
   Number with an unused Flip Flop:       1  out of     13     7%  
   Number with an unused LUT:             0  out of     13     0%  
   Number of fully used LUT-FF pairs:    12  out of     13    92%  
   Number of unique control sets:         1

IO Utilization: 
 Number of IOs:                          28
 Number of bonded IOBs:                  28  out of    285     9%  

Specific Feature Utilization:
 Number of BUFG/BUFGCTRLs:                1  out of     32     3%  

---------------------------
Partition Resource Summary:
---------------------------

  No Partitions were found in this design.

---------------------------


=========================================================================
Timing Report

NOTE: THESE TIMING NUMBERS ARE ONLY A SYNTHESIS ESTIMATE.
      FOR ACCURATE TIMING INFORMATION PLEASE REFER TO THE TRACE REPORT
      GENERATED AFTER PLACE-and-ROUTE.

Clock Information:
------------------
-----------------------------------+------------------------+-------+
Clock Signal                       | Clock buffer(FF name)  | Load  |
-----------------------------------+------------------------+-------+
clk                                | BUFGP                  | 12    |
-----------------------------------+------------------------+-------+

Asynchronous Control Signals Information:
----------------------------------------
No asynchronous control signals found in this design

Timing Summary:
---------------
Speed Grade: -3

   Minimum period: 1.719ns (Maximum Frequency: 581.903MHz)
   Minimum input arrival time before clock: 1.630ns
   Maximum output required time after clock: 0.645ns
   Maximum combinational path delay: No path found

Timing Details:
---------------
All values displayed in nanoseconds (ns)

=========================================================================
Timing constraint: Default period analysis for Clock 'clk'
  Clock period: 1.719ns (frequency: 581.903MHz)
  Total number of paths / destination ports: 78 / 12
-------------------------------------------------------------------------
Delay:               1.719ns (Levels of Logic = 13)
  Source:            Q_0 (FF)
  Destination:       Q_11 (FF)
  Source Clock:      clk rising
  Destination Clock: clk rising

  Data Path: Q_0 to Q_11
                                Gate     Net
    Cell:in->out      fanout   Delay   Delay  Logical Name (Net Name)
    ----------------------------------------  ------------
     FDE:C->Q              2   0.361   0.299  Q_0 (Q_0)
     LUT3:I2->O            1   0.097   0.000  Mcount_Q_lut<0> (Mcount_Q_lut<0>)
     MUXCY:S->O            1   0.353   0.000  Mcount_Q_cy<0> (Mcount_Q_cy<0>)
     MUXCY:CI->O           1   0.023   0.000  Mcount_Q_cy<1> (Mcount_Q_cy<1>)
     MUXCY:CI->O           1   0.023   0.000  Mcount_Q_cy<2> (Mcount_Q_cy<2>)
     MUXCY:CI->O           1   0.023   0.000  Mcount_Q_cy<3> (Mcount_Q_cy<3>)
     MUXCY:CI->O           1   0.023   0.000  Mcount_Q_cy<4> (Mcount_Q_cy<4>)
     MUXCY:CI->O           1   0.023   0.000  Mcount_Q_cy<5> (Mcount_Q_cy<5>)
     MUXCY:CI->O           1   0.023   0.000  Mcount_Q_cy<6> (Mcount_Q_cy<6>)
     MUXCY:CI->O           1   0.023   0.000  Mcount_Q_cy<7> (Mcount_Q_cy<7>)
     MUXCY:CI->O           1   0.023   0.000  Mcount_Q_cy<8> (Mcount_Q_cy<8>)
     MUXCY:CI->O           1   0.023   0.000  Mcount_Q_cy<9> (Mcount_Q_cy<9>)
     MUXCY:CI->O           0   0.023   0.000  Mcount_Q_cy<10> (Mcount_Q_cy<10>)
     XORCY:CI->O           1   0.370   0.000  Mcount_Q_xor<11> (Mcount_Q11)
     FDE:D                     0.008          Q_11
    ----------------------------------------
    Total                      1.719ns (1.419ns logic, 0.299ns route)
                                       (82.6% logic, 17.4% route)

=========================================================================
Timing constraint: Default OFFSET IN BEFORE for Clock 'clk'
  Total number of paths / destination ports: 204 / 24
-------------------------------------------------------------------------
Offset:              1.630ns (Levels of Logic = 14)
  Source:            increment (PAD)
  Destination:       Q_11 (FF)
  Destination Clock: clk rising

  Data Path: increment to Q_11
                                Gate     Net
    Cell:in->out      fanout   Delay   Delay  Logical Name (Net Name)
    ----------------------------------------  ------------
     IBUF:I->O            14   0.001   0.571  increment_IBUF (increment_IBUF)
     LUT3:I0->O            1   0.097   0.000  Mcount_Q_lut<0> (Mcount_Q_lut<0>)
     MUXCY:S->O            1   0.353   0.000  Mcount_Q_cy<0> (Mcount_Q_cy<0>)
     MUXCY:CI->O           1   0.023   0.000  Mcount_Q_cy<1> (Mcount_Q_cy<1>)
     MUXCY:CI->O           1   0.023   0.000  Mcount_Q_cy<2> (Mcount_Q_cy<2>)
     MUXCY:CI->O           1   0.023   0.000  Mcount_Q_cy<3> (Mcount_Q_cy<3>)
     MUXCY:CI->O           1   0.023   0.000  Mcount_Q_cy<4> (Mcount_Q_cy<4>)
     MUXCY:CI->O           1   0.023   0.000  Mcount_Q_cy<5> (Mcount_Q_cy<5>)
     MUXCY:CI->O           1   0.023   0.000  Mcount_Q_cy<6> (Mcount_Q_cy<6>)
     MUXCY:CI->O           1   0.023   0.000  Mcount_Q_cy<7> (Mcount_Q_cy<7>)
     MUXCY:CI->O           1   0.023   0.000  Mcount_Q_cy<8> (Mcount_Q_cy<8>)
     MUXCY:CI->O           1   0.023   0.000  Mcount_Q_cy<9> (Mcount_Q_cy<9>)
     MUXCY:CI->O           0   0.023   0.000  Mcount_Q_cy<10> (Mcount_Q_cy<10>)
     XORCY:CI->O           1   0.370   0.000  Mcount_Q_xor<11> (Mcount_Q11)
     FDE:D                     0.008          Q_11
    ----------------------------------------
    Total                      1.630ns (1.059ns logic, 0.571ns route)
                                       (65.0% logic, 35.0% route)

=========================================================================
Timing constraint: Default OFFSET OUT AFTER for Clock 'clk'
  Total number of paths / destination ports: 12 / 12
-------------------------------------------------------------------------
Offset:              0.645ns (Levels of Logic = 1)
  Source:            Q_11 (FF)
  Destination:       Q<11> (PAD)
  Source Clock:      clk rising

  Data Path: Q_11 to Q<11>
                                Gate     Net
    Cell:in->out      fanout   Delay   Delay  Logical Name (Net Name)
    ----------------------------------------  ------------
     FDE:C->Q              2   0.361   0.283  Q_11 (Q_11)
     OBUF:I->O                 0.000          Q_11_OBUF (Q<11>)
    ----------------------------------------
    Total                      0.645ns (0.361ns logic, 0.283ns route)
                                       (56.0% logic, 44.0% route)

=========================================================================

Cross Clock Domains Report:
--------------------------

Clock to Setup on destination clock clk
---------------+---------+---------+---------+---------+
               | Src:Rise| Src:Fall| Src:Rise| Src:Fall|
Source Clock   |Dest:Rise|Dest:Rise|Dest:Fall|Dest:Fall|
---------------+---------+---------+---------+---------+
clk            |    1.719|         |         |         |
---------------+---------+---------+---------+---------+

=========================================================================


Total REAL time to Xst completion: 7.00 secs
Total CPU time to Xst completion: 7.22 secs
 
--> 

Total memory usage is 4626164 kilobytes

Number of errors   :    0 (   0 filtered)
Number of warnings :    1 (   0 filtered)
Number of infos    :    0 (   0 filtered)

