Command line:
   pc_increment_module_isim_beh.exe
     -simmode  gui
     -simrunnum  0
     -socket  63370

Tue Jun 02 12:53:20 2020


 Elaboration Time: 0.046875 sec

 Current Memory Usage: 5159.9 Meg

 Total Signals          : 19
 Total Nets             : 41
 Total Signal Drivers   : 6
 Total Blocks           : 2
 Total Primitive Blocks : 2
 Total Processes        : 8
 Total Traceable Variables  : 19
 Total Scalar Nets and Variables : 133
Total Line Count : 21
Total Line Count : 21

 Total Simulation Time: 0.0625 sec

 Current Memory Usage: 4688.04 Meg

Tue Jun 02 13:00:21 2020

