Command line:
   merge_isim_beh.exe
     -simmode  gui
     -simrunnum  0
     -socket  2672

Fri Jun 05 00:27:41 2020


 Elaboration Time: 0.109375 sec

 Current Memory Usage: 858.722 Meg

 Total Signals          : 2355
 Total Nets             : 891
 Total Signal Drivers   : 395
 Total Blocks           : 597
 Total Primitive Blocks : 333
 Total Processes        : 562
 Total Traceable Variables  : 348
 Total Scalar Nets and Variables : 10225
Total Line Count : 824
Total Line Count : 824
Total Line Count : 824
Total Line Count : 824
Total Line Count : 824
Total Line Count : 824
Total Line Count : 824

 Total Simulation Time: 2.42188 sec

 Current Memory Usage: 386.863 Meg

Fri Jun 05 01:14:19 2020

