Command line:
   combine_instruction_isim_beh.exe
     -simmode  gui
     -simrunnum  0
     -socket  58284

Fri Jun 05 02:15:08 2020


 Elaboration Time: 0.03125 sec

 Current Memory Usage: 5160.45 Meg

 Total Signals          : 18
 Total Nets             : 41
 Total Signal Drivers   : 9
 Total Blocks           : 2
 Total Primitive Blocks : 2
 Total Processes        : 10
 Total Traceable Variables  : 18
 Total Scalar Nets and Variables : 121
Total Line Count : 18

 Total Simulation Time: 0.03125 sec

 Current Memory Usage: 5160.45 Meg

Fri Jun 05 02:15:15 2020

