Command line:
   mux1_isim_beh.exe
     -simmode  gui
     -simrunnum  0
     -socket  2403

Sun May 31 17:11:47 2020


 Elaboration Time: 0.046875 sec

 Current Memory Usage: 846.598 Meg

 Total Signals          : 20
 Total Nets             : 17
 Total Signal Drivers   : 6
 Total Blocks           : 3
 Total Primitive Blocks : 2
 Total Processes        : 8
 Total Traceable Variables  : 19
 Total Scalar Nets and Variables : 98
Total Line Count : 18

 Total Simulation Time: 0.0625 sec

 Current Memory Usage: 1161.17 Meg

Sun May 31 17:12:35 2020

