Command line:
   mux2_isim_beh.exe
     -simmode  gui
     -simrunnum  0
     -socket  2405

Sun May 31 17:12:51 2020


 Elaboration Time: 0.0625 sec

 Current Memory Usage: 846.615 Meg

 Total Signals          : 31
 Total Nets             : 20
 Total Signal Drivers   : 7
 Total Blocks           : 6
 Total Primitive Blocks : 3
 Total Processes        : 10
 Total Traceable Variables  : 20
 Total Scalar Nets and Variables : 102
Total Line Count : 22

 Total Simulation Time: 0.078125 sec

 Current Memory Usage: 689.328 Meg

Sun May 31 17:16:46 2020

