Command line:
   reg_to_bus_3bit_sel_isim_beh.exe
     -simmode  gui
     -simrunnum  0
     -socket  50056

Thu May 28 12:29:20 2020


 Elaboration Time: 0.046875 sec

 Current Memory Usage: 5159.46 Meg

 Total Signals          : 69
 Total Nets             : 256
 Total Signal Drivers   : 12
 Total Blocks           : 11
 Total Primitive Blocks : 8
 Total Processes        : 13
 Total Traceable Variables  : 18
 Total Scalar Nets and Variables : 336
Total Line Count : 21

 Total Simulation Time: 0.203125 sec

 Current Memory Usage: 5002.17 Meg

Thu May 28 12:33:12 2020

