Command line:
   demux_bus16b_sel2b_isim_beh.exe
     -simmode  gui
     -simrunnum  0
     -socket  54167

Fri May 29 10:01:26 2020


 Elaboration Time: 0.03125 sec

 Current Memory Usage: 5159.5 Meg

 Total Signals          : 33
 Total Nets             : 127
 Total Signal Drivers   : 11
 Total Blocks           : 5
 Total Primitive Blocks : 4
 Total Processes        : 12
 Total Traceable Variables  : 18
 Total Scalar Nets and Variables : 207
Total Line Count : 20

 Total Simulation Time: 0.078125 sec

 Current Memory Usage: 5474.07 Meg

Fri May 29 10:02:17 2020

