Command line:
   unionMagica_isim_beh.exe
     -simmode  gui
     -simrunnum  0
     -socket  51102

Sat Jun 06 14:49:08 2020


 Elaboration Time: 0.140625 sec

 Current Memory Usage: 5832.27 Meg

 Total Signals          : 79
 Total Nets             : 155
 Total Signal Drivers   : 39
 Total Blocks           : 13
 Total Primitive Blocks : 12
 Total Processes        : 46
 Total Traceable Variables  : 29
 Total Scalar Nets and Variables : 14746
Total Line Count : 101

 Total Simulation Time: 0.15625 sec

 Current Memory Usage: 5832.27 Meg

Sat Jun 06 14:49:12 2020

