Command line:
   LATCH4_isim_beh.exe
     -simmode  gui
     -simrunnum  1
     -socket  2193

Thu Jun 04 19:45:30 2020


 Elaboration Time: 0.0625 sec

 Current Memory Usage: 846.606 Meg

 Total Signals          : 42
 Total Nets             : 28
 Total Signal Drivers   : 17
 Total Blocks           : 6
 Total Primitive Blocks : 5
 Total Processes        : 34
 Total Traceable Variables  : 26
 Total Scalar Nets and Variables : 116
Total Line Count : 62

 Total Simulation Time: 0.3125 sec

 Current Memory Usage: 846.606 Meg

Thu Jun 04 19:53:00 2020

