Command line:
   MROM_isim_beh.exe
     -simmode  gui
     -simrunnum  0
     -socket  2199

Thu Jun 04 12:27:30 2020


 Elaboration Time: 0.046875 sec

 Current Memory Usage: 846.094 Meg

 Total Signals          : 67
 Total Nets             : 485
 Total Signal Drivers   : 31
 Total Blocks           : 5
 Total Primitive Blocks : 2
 Total Processes        : 41
 Total Traceable Variables  : 73
 Total Scalar Nets and Variables : 9544
Total Line Count : 279

 Total Simulation Time: 0.171875 sec

 Current Memory Usage: 688.808 Meg

Thu Jun 04 12:29:13 2020

