--------------------------------------------------------------------------------
Release 14.7 Trace  (nt64)
Copyright (c) 1995-2013 Xilinx, Inc.  All rights reserved.

C:\Xilinx\14.7\ISE_DS\ISE\bin\nt64\unwrapped\trce.exe -intstyle ise -v 3 -s 3
-n 3 -fastpaths -xml ALU_main.twx ALU_main.ncd -o ALU_main.twr ALU_main.pcf

Design file:              ALU_main.ncd
Physical constraint file: ALU_main.pcf
Device,package,speed:     xc7a100t,csg324,C,-3 (PRODUCTION 1.10 2013-10-13)
Report level:             verbose report

Environment Variable      Effect 
--------------------      ------ 
NONE                      No environment variables were set
--------------------------------------------------------------------------------

INFO:Timing:2698 - No timing constraints found, doing default enumeration.
INFO:Timing:3412 - To improve timing, see the Timing Closure User Guide (UG612).
INFO:Timing:2752 - To get complete path coverage, use the unconstrained paths 
   option. All paths that are not constrained will be reported in the 
   unconstrained paths section(s) of the report.
INFO:Timing:3339 - The clock-to-out numbers in this timing report are based on 
   a 50 Ohm transmission line loading model.  For the details of this model, 
   and for more information on accounting for different loading conditions, 
   please see the device datasheet.



Data Sheet report:
-----------------
All values displayed in nanoseconds (ns)

Pad to Pad
---------------+---------------+---------+
Source Pad     |Destination Pad|  Delay  |
---------------+---------------+---------+
A<0>           |CO             |   10.070|
A<0>           |Z<0>           |    9.317|
A<0>           |Z<1>           |    9.568|
A<0>           |Z<2>           |    9.685|
A<0>           |Z<3>           |    9.324|
A<0>           |Z<4>           |    9.663|
A<0>           |Z<5>           |    9.372|
A<0>           |Z<6>           |    9.541|
A<0>           |Z<7>           |    9.793|
A<0>           |Z<8>           |    9.718|
A<0>           |Z<9>           |   10.315|
A<0>           |Z<10>          |    9.899|
A<0>           |Z<11>          |   10.198|
A<0>           |Z<12>          |    9.873|
A<0>           |Z<13>          |   10.267|
A<0>           |Z<14>          |    9.644|
A<0>           |Z<15>          |   10.269|
A<1>           |CO             |    9.928|
A<1>           |Z<1>           |    9.271|
A<1>           |Z<2>           |    9.546|
A<1>           |Z<3>           |    9.186|
A<1>           |Z<4>           |    9.521|
A<1>           |Z<5>           |    9.230|
A<1>           |Z<6>           |    9.399|
A<1>           |Z<7>           |    9.651|
A<1>           |Z<8>           |    9.576|
A<1>           |Z<9>           |   10.173|
A<1>           |Z<10>          |    9.757|
A<1>           |Z<11>          |   10.056|
A<1>           |Z<12>          |    9.731|
A<1>           |Z<13>          |   10.125|
A<1>           |Z<14>          |    9.502|
A<1>           |Z<15>          |   10.127|
A<2>           |CO             |    9.660|
A<2>           |Z<2>           |    9.150|
A<2>           |Z<3>           |    8.819|
A<2>           |Z<4>           |    9.253|
A<2>           |Z<5>           |    8.962|
A<2>           |Z<6>           |    9.131|
A<2>           |Z<7>           |    9.383|
A<2>           |Z<8>           |    9.308|
A<2>           |Z<9>           |    9.905|
A<2>           |Z<10>          |    9.489|
A<2>           |Z<11>          |    9.788|
A<2>           |Z<12>          |    9.463|
A<2>           |Z<13>          |    9.857|
A<2>           |Z<14>          |    9.234|
A<2>           |Z<15>          |    9.859|
A<3>           |CO             |    9.554|
A<3>           |Z<3>           |    8.640|
A<3>           |Z<4>           |    9.147|
A<3>           |Z<5>           |    8.856|
A<3>           |Z<6>           |    9.025|
A<3>           |Z<7>           |    9.277|
A<3>           |Z<8>           |    9.202|
A<3>           |Z<9>           |    9.799|
A<3>           |Z<10>          |    9.383|
A<3>           |Z<11>          |    9.682|
A<3>           |Z<12>          |    9.357|
A<3>           |Z<13>          |    9.751|
A<3>           |Z<14>          |    9.128|
A<3>           |Z<15>          |    9.753|
A<4>           |CO             |    9.746|
A<4>           |Z<4>           |    9.085|
A<4>           |Z<5>           |    8.841|
A<4>           |Z<6>           |    9.156|
A<4>           |Z<7>           |    9.399|
A<4>           |Z<8>           |    9.394|
A<4>           |Z<9>           |    9.991|
A<4>           |Z<10>          |    9.575|
A<4>           |Z<11>          |    9.874|
A<4>           |Z<12>          |    9.549|
A<4>           |Z<13>          |    9.943|
A<4>           |Z<14>          |    9.320|
A<4>           |Z<15>          |    9.945|
A<5>           |CO             |    9.784|
A<5>           |Z<5>           |    8.724|
A<5>           |Z<6>           |    9.197|
A<5>           |Z<7>           |    9.441|
A<5>           |Z<8>           |    9.432|
A<5>           |Z<9>           |   10.029|
A<5>           |Z<10>          |    9.613|
A<5>           |Z<11>          |    9.912|
A<5>           |Z<12>          |    9.587|
A<5>           |Z<13>          |    9.981|
A<5>           |Z<14>          |    9.358|
A<5>           |Z<15>          |    9.983|
A<6>           |CO             |    9.947|
A<6>           |Z<6>           |    9.232|
A<6>           |Z<7>           |    9.505|
A<6>           |Z<8>           |    9.595|
A<6>           |Z<9>           |   10.192|
A<6>           |Z<10>          |    9.776|
A<6>           |Z<11>          |   10.075|
A<6>           |Z<12>          |    9.750|
A<6>           |Z<13>          |   10.144|
A<6>           |Z<14>          |    9.521|
A<6>           |Z<15>          |   10.146|
A<7>           |CO             |   10.057|
A<7>           |Z<7>           |    9.542|
A<7>           |Z<8>           |    9.705|
A<7>           |Z<9>           |   10.302|
A<7>           |Z<10>          |    9.886|
A<7>           |Z<11>          |   10.185|
A<7>           |Z<12>          |    9.860|
A<7>           |Z<13>          |   10.254|
A<7>           |Z<14>          |    9.631|
A<7>           |Z<15>          |   10.256|
A<8>           |CO             |    9.635|
A<8>           |Z<8>           |    9.029|
A<8>           |Z<9>           |    9.673|
A<8>           |Z<10>          |    9.403|
A<8>           |Z<11>          |    9.693|
A<8>           |Z<12>          |    9.438|
A<8>           |Z<13>          |    9.832|
A<8>           |Z<14>          |    9.209|
A<8>           |Z<15>          |    9.834|
A<9>           |CO             |    9.256|
A<9>           |Z<9>           |    9.139|
A<9>           |Z<10>          |    9.027|
A<9>           |Z<11>          |    9.318|
A<9>           |Z<12>          |    9.059|
A<9>           |Z<13>          |    9.453|
A<9>           |Z<14>          |    8.830|
A<9>           |Z<15>          |    9.455|
A<10>          |CO             |    9.901|
A<10>          |Z<10>          |    9.544|
A<10>          |Z<11>          |    9.864|
A<10>          |Z<12>          |    9.704|
A<10>          |Z<13>          |   10.098|
A<10>          |Z<14>          |    9.475|
A<10>          |Z<15>          |   10.100|
A<11>          |CO             |    9.803|
A<11>          |Z<11>          |    9.693|
A<11>          |Z<12>          |    9.606|
A<11>          |Z<13>          |   10.000|
A<11>          |Z<14>          |    9.377|
A<11>          |Z<15>          |   10.002|
A<12>          |CO             |    9.590|
A<12>          |Z<12>          |    9.139|
A<12>          |Z<13>          |    9.580|
A<12>          |Z<14>          |    9.103|
A<12>          |Z<15>          |    9.720|
A<13>          |CO             |    9.602|
A<13>          |Z<13>          |    9.437|
A<13>          |Z<14>          |    9.118|
A<13>          |Z<15>          |    9.736|
A<14>          |CO             |    9.864|
A<14>          |Z<14>          |    9.252|
A<14>          |Z<15>          |    9.899|
A<15>          |CO             |    9.448|
A<15>          |Z<15>          |    9.410|
ALUC<0>        |CO             |   11.725|
ALUC<0>        |Z<0>           |   10.860|
ALUC<0>        |Z<1>           |   11.111|
ALUC<0>        |Z<2>           |   11.228|
ALUC<0>        |Z<3>           |   10.867|
ALUC<0>        |Z<4>           |   11.206|
ALUC<0>        |Z<5>           |   10.915|
ALUC<0>        |Z<6>           |   11.084|
ALUC<0>        |Z<7>           |   11.336|
ALUC<0>        |Z<8>           |   11.299|
ALUC<0>        |Z<9>           |   11.896|
ALUC<0>        |Z<10>          |   11.480|
ALUC<0>        |Z<11>          |   11.779|
ALUC<0>        |Z<12>          |   11.461|
ALUC<0>        |Z<13>          |   11.855|
ALUC<0>        |Z<14>          |   11.238|
ALUC<0>        |Z<15>          |   11.857|
ALUC<1>        |CO             |   11.867|
ALUC<1>        |Z<0>           |   11.002|
ALUC<1>        |Z<1>           |   11.253|
ALUC<1>        |Z<2>           |   11.370|
ALUC<1>        |Z<3>           |   11.009|
ALUC<1>        |Z<4>           |   11.348|
ALUC<1>        |Z<5>           |   11.057|
ALUC<1>        |Z<6>           |   11.226|
ALUC<1>        |Z<7>           |   11.478|
ALUC<1>        |Z<8>           |   11.441|
ALUC<1>        |Z<9>           |   12.038|
ALUC<1>        |Z<10>          |   11.622|
ALUC<1>        |Z<11>          |   11.921|
ALUC<1>        |Z<12>          |   11.603|
ALUC<1>        |Z<13>          |   11.997|
ALUC<1>        |Z<14>          |   11.380|
ALUC<1>        |Z<15>          |   11.999|
ALUC<2>        |CO             |   11.786|
ALUC<2>        |Z<0>           |   10.921|
ALUC<2>        |Z<1>           |   11.172|
ALUC<2>        |Z<2>           |   11.289|
ALUC<2>        |Z<3>           |   10.928|
ALUC<2>        |Z<4>           |   11.267|
ALUC<2>        |Z<5>           |   10.976|
ALUC<2>        |Z<6>           |   11.145|
ALUC<2>        |Z<7>           |   11.397|
ALUC<2>        |Z<8>           |   11.360|
ALUC<2>        |Z<9>           |   11.957|
ALUC<2>        |Z<10>          |   11.541|
ALUC<2>        |Z<11>          |   11.840|
ALUC<2>        |Z<12>          |   11.522|
ALUC<2>        |Z<13>          |   11.916|
ALUC<2>        |Z<14>          |   11.299|
ALUC<2>        |Z<15>          |   11.918|
ALUC<3>        |CO             |   11.923|
ALUC<3>        |Z<0>           |   11.058|
ALUC<3>        |Z<1>           |   11.309|
ALUC<3>        |Z<2>           |   11.426|
ALUC<3>        |Z<3>           |   11.065|
ALUC<3>        |Z<4>           |   11.404|
ALUC<3>        |Z<5>           |   11.113|
ALUC<3>        |Z<6>           |   11.282|
ALUC<3>        |Z<7>           |   11.534|
ALUC<3>        |Z<8>           |   11.497|
ALUC<3>        |Z<9>           |   12.094|
ALUC<3>        |Z<10>          |   11.678|
ALUC<3>        |Z<11>          |   11.977|
ALUC<3>        |Z<12>          |   11.659|
ALUC<3>        |Z<13>          |   12.053|
ALUC<3>        |Z<14>          |   11.436|
ALUC<3>        |Z<15>          |   12.055|
B<0>           |CO             |    9.118|
B<0>           |Z<0>           |    8.365|
B<0>           |Z<1>           |    8.616|
B<0>           |Z<2>           |    8.733|
B<0>           |Z<3>           |    8.372|
B<0>           |Z<4>           |    8.711|
B<0>           |Z<5>           |    8.420|
B<0>           |Z<6>           |    8.589|
B<0>           |Z<7>           |    8.841|
B<0>           |Z<8>           |    8.766|
B<0>           |Z<9>           |    9.363|
B<0>           |Z<10>          |    8.947|
B<0>           |Z<11>          |    9.246|
B<0>           |Z<12>          |    8.921|
B<0>           |Z<13>          |    9.315|
B<0>           |Z<14>          |    8.692|
B<0>           |Z<15>          |    9.317|
B<1>           |CO             |    9.135|
B<1>           |Z<1>           |    8.478|
B<1>           |Z<2>           |    8.753|
B<1>           |Z<3>           |    8.393|
B<1>           |Z<4>           |    8.728|
B<1>           |Z<5>           |    8.437|
B<1>           |Z<6>           |    8.606|
B<1>           |Z<7>           |    8.858|
B<1>           |Z<8>           |    8.783|
B<1>           |Z<9>           |    9.380|
B<1>           |Z<10>          |    8.964|
B<1>           |Z<11>          |    9.263|
B<1>           |Z<12>          |    8.938|
B<1>           |Z<13>          |    9.332|
B<1>           |Z<14>          |    8.709|
B<1>           |Z<15>          |    9.334|
B<2>           |CO             |    8.872|
B<2>           |Z<2>           |    8.362|
B<2>           |Z<3>           |    8.031|
B<2>           |Z<4>           |    8.465|
B<2>           |Z<5>           |    8.174|
B<2>           |Z<6>           |    8.343|
B<2>           |Z<7>           |    8.595|
B<2>           |Z<8>           |    8.520|
B<2>           |Z<9>           |    9.117|
B<2>           |Z<10>          |    8.701|
B<2>           |Z<11>          |    9.000|
B<2>           |Z<12>          |    8.675|
B<2>           |Z<13>          |    9.069|
B<2>           |Z<14>          |    8.446|
B<2>           |Z<15>          |    9.071|
B<3>           |CO             |    9.177|
B<3>           |Z<3>           |    8.263|
B<3>           |Z<4>           |    8.770|
B<3>           |Z<5>           |    8.479|
B<3>           |Z<6>           |    8.648|
B<3>           |Z<7>           |    8.900|
B<3>           |Z<8>           |    8.825|
B<3>           |Z<9>           |    9.422|
B<3>           |Z<10>          |    9.006|
B<3>           |Z<11>          |    9.305|
B<3>           |Z<12>          |    8.980|
B<3>           |Z<13>          |    9.374|
B<3>           |Z<14>          |    8.751|
B<3>           |Z<15>          |    9.376|
B<4>           |CO             |    8.823|
B<4>           |Z<4>           |    8.162|
B<4>           |Z<5>           |    7.918|
B<4>           |Z<6>           |    8.233|
B<4>           |Z<7>           |    8.476|
B<4>           |Z<8>           |    8.471|
B<4>           |Z<9>           |    9.068|
B<4>           |Z<10>          |    8.652|
B<4>           |Z<11>          |    8.951|
B<4>           |Z<12>          |    8.626|
B<4>           |Z<13>          |    9.020|
B<4>           |Z<14>          |    8.397|
B<4>           |Z<15>          |    9.022|
B<5>           |CO             |    8.981|
B<5>           |Z<5>           |    7.921|
B<5>           |Z<6>           |    8.394|
B<5>           |Z<7>           |    8.638|
B<5>           |Z<8>           |    8.629|
B<5>           |Z<9>           |    9.226|
B<5>           |Z<10>          |    8.810|
B<5>           |Z<11>          |    9.109|
B<5>           |Z<12>          |    8.784|
B<5>           |Z<13>          |    9.178|
B<5>           |Z<14>          |    8.555|
B<5>           |Z<15>          |    9.180|
B<6>           |CO             |    8.851|
B<6>           |Z<6>           |    8.136|
B<6>           |Z<7>           |    8.409|
B<6>           |Z<8>           |    8.499|
B<6>           |Z<9>           |    9.096|
B<6>           |Z<10>          |    8.680|
B<6>           |Z<11>          |    8.979|
B<6>           |Z<12>          |    8.654|
B<6>           |Z<13>          |    9.048|
B<6>           |Z<14>          |    8.425|
B<6>           |Z<15>          |    9.050|
B<7>           |CO             |    8.810|
B<7>           |Z<7>           |    8.295|
B<7>           |Z<8>           |    8.458|
B<7>           |Z<9>           |    9.055|
B<7>           |Z<10>          |    8.639|
B<7>           |Z<11>          |    8.938|
B<7>           |Z<12>          |    8.613|
B<7>           |Z<13>          |    9.007|
B<7>           |Z<14>          |    8.384|
B<7>           |Z<15>          |    9.009|
B<8>           |CO             |    9.021|
B<8>           |Z<8>           |    8.415|
B<8>           |Z<9>           |    9.059|
B<8>           |Z<10>          |    8.789|
B<8>           |Z<11>          |    9.079|
B<8>           |Z<12>          |    8.824|
B<8>           |Z<13>          |    9.218|
B<8>           |Z<14>          |    8.595|
B<8>           |Z<15>          |    9.220|
B<9>           |CO             |    9.393|
B<9>           |Z<9>           |    9.276|
B<9>           |Z<10>          |    9.164|
B<9>           |Z<11>          |    9.455|
B<9>           |Z<12>          |    9.196|
B<9>           |Z<13>          |    9.590|
B<9>           |Z<14>          |    8.967|
B<9>           |Z<15>          |    9.592|
B<10>          |CO             |    9.117|
B<10>          |Z<10>          |    8.760|
B<10>          |Z<11>          |    9.080|
B<10>          |Z<12>          |    8.920|
B<10>          |Z<13>          |    9.314|
B<10>          |Z<14>          |    8.691|
B<10>          |Z<15>          |    9.316|
B<11>          |CO             |    8.688|
B<11>          |Z<11>          |    8.578|
B<11>          |Z<12>          |    8.491|
B<11>          |Z<13>          |    8.885|
B<11>          |Z<14>          |    8.262|
B<11>          |Z<15>          |    8.887|
B<12>          |CO             |    8.844|
B<12>          |Z<12>          |    8.393|
B<12>          |Z<13>          |    8.834|
B<12>          |Z<14>          |    8.357|
B<12>          |Z<15>          |    8.974|
B<13>          |CO             |    8.914|
B<13>          |Z<13>          |    8.749|
B<13>          |Z<14>          |    8.430|
B<13>          |Z<15>          |    9.048|
B<14>          |CO             |    8.540|
B<14>          |Z<14>          |    7.928|
B<14>          |Z<15>          |    8.575|
B<15>          |CO             |    9.223|
B<15>          |Z<15>          |    9.185|
CY             |CO             |    9.696|
CY             |Z<0>           |    9.058|
CY             |Z<1>           |    9.270|
CY             |Z<2>           |    9.285|
CY             |Z<3>           |    8.923|
CY             |Z<4>           |    9.289|
CY             |Z<5>           |    8.998|
CY             |Z<6>           |    9.167|
CY             |Z<7>           |    9.419|
CY             |Z<8>           |    9.344|
CY             |Z<9>           |    9.941|
CY             |Z<10>          |    9.525|
CY             |Z<11>          |    9.824|
CY             |Z<12>          |    9.499|
CY             |Z<13>          |    9.893|
CY             |Z<14>          |    9.270|
CY             |Z<15>          |    9.895|
GND<0>         |CO             |   10.398|
GND<0>         |Z<0>           |    9.645|
GND<0>         |Z<1>           |    9.896|
GND<0>         |Z<2>           |   10.013|
GND<0>         |Z<3>           |    9.652|
GND<0>         |Z<4>           |    9.991|
GND<0>         |Z<5>           |    9.700|
GND<0>         |Z<6>           |    9.869|
GND<0>         |Z<7>           |   10.121|
GND<0>         |Z<8>           |   10.046|
GND<0>         |Z<9>           |   10.643|
GND<0>         |Z<10>          |   10.227|
GND<0>         |Z<11>          |   10.526|
GND<0>         |Z<12>          |   10.201|
GND<0>         |Z<13>          |   10.595|
GND<0>         |Z<14>          |    9.972|
GND<0>         |Z<15>          |   10.597|
GND<1>         |CO             |    9.420|
GND<1>         |Z<1>           |    8.763|
GND<1>         |Z<2>           |    9.038|
GND<1>         |Z<3>           |    8.678|
GND<1>         |Z<4>           |    9.013|
GND<1>         |Z<5>           |    8.722|
GND<1>         |Z<6>           |    8.891|
GND<1>         |Z<7>           |    9.143|
GND<1>         |Z<8>           |    9.068|
GND<1>         |Z<9>           |    9.665|
GND<1>         |Z<10>          |    9.249|
GND<1>         |Z<11>          |    9.548|
GND<1>         |Z<12>          |    9.223|
GND<1>         |Z<13>          |    9.617|
GND<1>         |Z<14>          |    8.994|
GND<1>         |Z<15>          |    9.619|
GND<2>         |CO             |    9.454|
GND<2>         |Z<2>           |    8.944|
GND<2>         |Z<3>           |    8.613|
GND<2>         |Z<4>           |    9.047|
GND<2>         |Z<5>           |    8.756|
GND<2>         |Z<6>           |    8.925|
GND<2>         |Z<7>           |    9.177|
GND<2>         |Z<8>           |    9.102|
GND<2>         |Z<9>           |    9.699|
GND<2>         |Z<10>          |    9.283|
GND<2>         |Z<11>          |    9.582|
GND<2>         |Z<12>          |    9.257|
GND<2>         |Z<13>          |    9.651|
GND<2>         |Z<14>          |    9.028|
GND<2>         |Z<15>          |    9.653|
GND<3>         |CO             |    9.748|
GND<3>         |Z<3>           |    8.834|
GND<3>         |Z<4>           |    9.341|
GND<3>         |Z<5>           |    9.050|
GND<3>         |Z<6>           |    9.219|
GND<3>         |Z<7>           |    9.471|
GND<3>         |Z<8>           |    9.396|
GND<3>         |Z<9>           |    9.993|
GND<3>         |Z<10>          |    9.577|
GND<3>         |Z<11>          |    9.876|
GND<3>         |Z<12>          |    9.551|
GND<3>         |Z<13>          |    9.945|
GND<3>         |Z<14>          |    9.322|
GND<3>         |Z<15>          |    9.947|
GND<4>         |CO             |    9.665|
GND<4>         |Z<4>           |    9.004|
GND<4>         |Z<5>           |    8.760|
GND<4>         |Z<6>           |    9.075|
GND<4>         |Z<7>           |    9.318|
GND<4>         |Z<8>           |    9.313|
GND<4>         |Z<9>           |    9.910|
GND<4>         |Z<10>          |    9.494|
GND<4>         |Z<11>          |    9.793|
GND<4>         |Z<12>          |    9.468|
GND<4>         |Z<13>          |    9.862|
GND<4>         |Z<14>          |    9.239|
GND<4>         |Z<15>          |    9.864|
GND<5>         |CO             |   10.381|
GND<5>         |Z<5>           |    9.321|
GND<5>         |Z<6>           |    9.794|
GND<5>         |Z<7>           |   10.038|
GND<5>         |Z<8>           |   10.029|
GND<5>         |Z<9>           |   10.626|
GND<5>         |Z<10>          |   10.210|
GND<5>         |Z<11>          |   10.509|
GND<5>         |Z<12>          |   10.184|
GND<5>         |Z<13>          |   10.578|
GND<5>         |Z<14>          |    9.955|
GND<5>         |Z<15>          |   10.580|
GND<6>         |CO             |    9.163|
GND<6>         |Z<6>           |    8.448|
GND<6>         |Z<7>           |    8.721|
GND<6>         |Z<8>           |    8.811|
GND<6>         |Z<9>           |    9.408|
GND<6>         |Z<10>          |    8.992|
GND<6>         |Z<11>          |    9.291|
GND<6>         |Z<12>          |    8.966|
GND<6>         |Z<13>          |    9.360|
GND<6>         |Z<14>          |    8.737|
GND<6>         |Z<15>          |    9.362|
GND<7>         |CO             |    9.164|
GND<7>         |Z<7>           |    8.649|
GND<7>         |Z<8>           |    8.812|
GND<7>         |Z<9>           |    9.409|
GND<7>         |Z<10>          |    8.993|
GND<7>         |Z<11>          |    9.292|
GND<7>         |Z<12>          |    8.967|
GND<7>         |Z<13>          |    9.361|
GND<7>         |Z<14>          |    8.738|
GND<7>         |Z<15>          |    9.363|
GND<8>         |CO             |    9.807|
GND<8>         |Z<8>           |    9.201|
GND<8>         |Z<9>           |    9.845|
GND<8>         |Z<10>          |    9.575|
GND<8>         |Z<11>          |    9.865|
GND<8>         |Z<12>          |    9.610|
GND<8>         |Z<13>          |   10.004|
GND<8>         |Z<14>          |    9.381|
GND<8>         |Z<15>          |   10.006|
GND<9>         |CO             |    9.500|
GND<9>         |Z<9>           |    9.383|
GND<9>         |Z<10>          |    9.271|
GND<9>         |Z<11>          |    9.562|
GND<9>         |Z<12>          |    9.303|
GND<9>         |Z<13>          |    9.697|
GND<9>         |Z<14>          |    9.074|
GND<9>         |Z<15>          |    9.699|
GND<10>        |CO             |    9.589|
GND<10>        |Z<10>          |    9.232|
GND<10>        |Z<11>          |    9.552|
GND<10>        |Z<12>          |    9.392|
GND<10>        |Z<13>          |    9.786|
GND<10>        |Z<14>          |    9.163|
GND<10>        |Z<15>          |    9.788|
GND<11>        |CO             |    9.418|
GND<11>        |Z<11>          |    9.308|
GND<11>        |Z<12>          |    9.221|
GND<11>        |Z<13>          |    9.615|
GND<11>        |Z<14>          |    8.992|
GND<11>        |Z<15>          |    9.617|
GND<12>        |CO             |    9.475|
GND<12>        |Z<12>          |    9.024|
GND<12>        |Z<13>          |    9.465|
GND<12>        |Z<14>          |    8.988|
GND<12>        |Z<15>          |    9.605|
GND<13>        |CO             |    9.468|
GND<13>        |Z<13>          |    9.303|
GND<13>        |Z<14>          |    8.984|
GND<13>        |Z<15>          |    9.602|
GND<14>        |CO             |    9.438|
GND<14>        |Z<14>          |    8.826|
GND<14>        |Z<15>          |    9.473|
GND<15>        |CO             |    9.741|
GND<15>        |Z<15>          |    9.703|
VCC<0>         |CO             |   11.956|
VCC<0>         |Z<0>           |   11.120|
VCC<0>         |Z<1>           |   11.371|
VCC<0>         |Z<2>           |   11.488|
VCC<0>         |Z<3>           |   11.127|
VCC<0>         |Z<4>           |   11.532|
VCC<0>         |Z<5>           |   11.241|
VCC<0>         |Z<6>           |   11.410|
VCC<0>         |Z<7>           |   11.662|
VCC<0>         |Z<8>           |   11.587|
VCC<0>         |Z<9>           |   12.184|
VCC<0>         |Z<10>          |   11.768|
VCC<0>         |Z<11>          |   12.067|
VCC<0>         |Z<12>          |   11.742|
VCC<0>         |Z<13>          |   12.136|
VCC<0>         |Z<14>          |   11.513|
VCC<0>         |Z<15>          |   12.138|
VCC<1>         |CO             |   10.460|
VCC<1>         |Z<1>           |    9.803|
VCC<1>         |Z<2>           |   10.078|
VCC<1>         |Z<3>           |    9.718|
VCC<1>         |Z<4>           |   10.053|
VCC<1>         |Z<5>           |    9.762|
VCC<1>         |Z<6>           |    9.931|
VCC<1>         |Z<7>           |   10.183|
VCC<1>         |Z<8>           |   10.108|
VCC<1>         |Z<9>           |   10.705|
VCC<1>         |Z<10>          |   10.289|
VCC<1>         |Z<11>          |   10.588|
VCC<1>         |Z<12>          |   10.263|
VCC<1>         |Z<13>          |   10.657|
VCC<1>         |Z<14>          |   10.034|
VCC<1>         |Z<15>          |   10.659|
VCC<2>         |CO             |    9.710|
VCC<2>         |Z<2>           |    9.200|
VCC<2>         |Z<3>           |    8.869|
VCC<2>         |Z<4>           |    9.303|
VCC<2>         |Z<5>           |    9.012|
VCC<2>         |Z<6>           |    9.181|
VCC<2>         |Z<7>           |    9.433|
VCC<2>         |Z<8>           |    9.358|
VCC<2>         |Z<9>           |    9.955|
VCC<2>         |Z<10>          |    9.539|
VCC<2>         |Z<11>          |    9.838|
VCC<2>         |Z<12>          |    9.513|
VCC<2>         |Z<13>          |    9.907|
VCC<2>         |Z<14>          |    9.284|
VCC<2>         |Z<15>          |    9.909|
VCC<3>         |CO             |    9.588|
VCC<3>         |Z<3>           |    8.674|
VCC<3>         |Z<4>           |    9.181|
VCC<3>         |Z<5>           |    8.890|
VCC<3>         |Z<6>           |    9.059|
VCC<3>         |Z<7>           |    9.311|
VCC<3>         |Z<8>           |    9.236|
VCC<3>         |Z<9>           |    9.833|
VCC<3>         |Z<10>          |    9.417|
VCC<3>         |Z<11>          |    9.716|
VCC<3>         |Z<12>          |    9.391|
VCC<3>         |Z<13>          |    9.785|
VCC<3>         |Z<14>          |    9.162|
VCC<3>         |Z<15>          |    9.787|
VCC<4>         |CO             |    9.921|
VCC<4>         |Z<4>           |    9.260|
VCC<4>         |Z<5>           |    9.016|
VCC<4>         |Z<6>           |    9.331|
VCC<4>         |Z<7>           |    9.574|
VCC<4>         |Z<8>           |    9.569|
VCC<4>         |Z<9>           |   10.166|
VCC<4>         |Z<10>          |    9.750|
VCC<4>         |Z<11>          |   10.049|
VCC<4>         |Z<12>          |    9.724|
VCC<4>         |Z<13>          |   10.118|
VCC<4>         |Z<14>          |    9.495|
VCC<4>         |Z<15>          |   10.120|
VCC<5>         |CO             |   10.279|
VCC<5>         |Z<5>           |    9.219|
VCC<5>         |Z<6>           |    9.692|
VCC<5>         |Z<7>           |    9.936|
VCC<5>         |Z<8>           |    9.927|
VCC<5>         |Z<9>           |   10.524|
VCC<5>         |Z<10>          |   10.108|
VCC<5>         |Z<11>          |   10.407|
VCC<5>         |Z<12>          |   10.082|
VCC<5>         |Z<13>          |   10.476|
VCC<5>         |Z<14>          |    9.853|
VCC<5>         |Z<15>          |   10.478|
VCC<6>         |CO             |    9.228|
VCC<6>         |Z<6>           |    8.513|
VCC<6>         |Z<7>           |    8.786|
VCC<6>         |Z<8>           |    8.876|
VCC<6>         |Z<9>           |    9.473|
VCC<6>         |Z<10>          |    9.057|
VCC<6>         |Z<11>          |    9.356|
VCC<6>         |Z<12>          |    9.031|
VCC<6>         |Z<13>          |    9.425|
VCC<6>         |Z<14>          |    8.802|
VCC<6>         |Z<15>          |    9.427|
VCC<7>         |CO             |    9.751|
VCC<7>         |Z<7>           |    9.236|
VCC<7>         |Z<8>           |    9.399|
VCC<7>         |Z<9>           |    9.996|
VCC<7>         |Z<10>          |    9.580|
VCC<7>         |Z<11>          |    9.879|
VCC<7>         |Z<12>          |    9.554|
VCC<7>         |Z<13>          |    9.948|
VCC<7>         |Z<14>          |    9.325|
VCC<7>         |Z<15>          |    9.950|
VCC<8>         |CO             |    9.688|
VCC<8>         |Z<8>           |    9.082|
VCC<8>         |Z<9>           |    9.726|
VCC<8>         |Z<10>          |    9.456|
VCC<8>         |Z<11>          |    9.746|
VCC<8>         |Z<12>          |    9.491|
VCC<8>         |Z<13>          |    9.885|
VCC<8>         |Z<14>          |    9.262|
VCC<8>         |Z<15>          |    9.887|
VCC<9>         |CO             |    9.171|
VCC<9>         |Z<9>           |    9.054|
VCC<9>         |Z<10>          |    8.942|
VCC<9>         |Z<11>          |    9.233|
VCC<9>         |Z<12>          |    8.974|
VCC<9>         |Z<13>          |    9.368|
VCC<9>         |Z<14>          |    8.745|
VCC<9>         |Z<15>          |    9.370|
VCC<10>        |CO             |    9.245|
VCC<10>        |Z<10>          |    8.888|
VCC<10>        |Z<11>          |    9.208|
VCC<10>        |Z<12>          |    9.048|
VCC<10>        |Z<13>          |    9.442|
VCC<10>        |Z<14>          |    8.819|
VCC<10>        |Z<15>          |    9.444|
VCC<11>        |CO             |    9.430|
VCC<11>        |Z<11>          |    9.320|
VCC<11>        |Z<12>          |    9.233|
VCC<11>        |Z<13>          |    9.627|
VCC<11>        |Z<14>          |    9.004|
VCC<11>        |Z<15>          |    9.629|
VCC<12>        |CO             |    9.852|
VCC<12>        |Z<12>          |    9.401|
VCC<12>        |Z<13>          |    9.842|
VCC<12>        |Z<14>          |    9.365|
VCC<12>        |Z<15>          |    9.982|
VCC<13>        |CO             |    9.445|
VCC<13>        |Z<13>          |    9.280|
VCC<13>        |Z<14>          |    8.961|
VCC<13>        |Z<15>          |    9.579|
VCC<14>        |CO             |    9.164|
VCC<14>        |Z<14>          |    8.552|
VCC<14>        |Z<15>          |    9.199|
VCC<15>        |CO             |    9.113|
VCC<15>        |Z<15>          |    9.075|
---------------+---------------+---------+


Analysis completed Thu Jun 04 02:08:39 2020 
--------------------------------------------------------------------------------

Trace Settings:
-------------------------
Trace Settings 

Peak Memory Usage: 5003 MB



