ISim log file
Running: C:\Users\Ariel\Documents\GitHub\EV-20-Grupo2\Ari-union-magica\UnionMagica\unionMagica_isim_beh.exe -intstyle ise -gui -tclbatch isim.cmd -wdb C:/Users/Ariel/Documents/GitHub/EV-20-Grupo2/Ari-union-magica/UnionMagica/unionMagica_isim_beh.wdb 
ISim P.20131013 (signature 0x7708f090)
WARNING: A WEBPACK license was found.
WARNING: Please use Xilinx License Configuration Manager to check out a full ISim license.
WARNING: ISim will run in Lite mode. Please refer to the ISim documentation for more information on the differences between the Lite and the Full version.
This is a Lite version of ISim.
Time resolution is 1 ps
# onerror resume
# wave add /
# run 1000 ns
Simulator is doing circuit initialization process.
Finished circuit initialization process.
# restart
# isim force add /unionMagica/CLK 0 -radix bin -value 1 -radix bin -time 5 ps -repeat 10 ps
# isim force add /unionMagica/CLK 0 -radix bin -value 1 -radix bin -time 5 ps -repeat 10 ps
# isim force add /unionMagica/CY 0 -radix bin
# isim force add /unionMagica/HOLD 0 -radix bin
# isim force add /unionMagica/W 0000000000000000 -radix bin
# run 1000ps
Simulator is doing circuit initialization process.
Finished circuit initialization process.
