Command line:
   merge_isim_beh.exe
     -simmode  gui
     -simrunnum  0
     -socket  54870

Sun Jun 07 17:03:57 2020


 Elaboration Time: 0.265625 sec

 Current Memory Usage: 5837.52 Meg

 Total Signals          : 1954
 Total Nets             : 829
 Total Signal Drivers   : 314
 Total Blocks           : 487
 Total Primitive Blocks : 262
 Total Processes        : 450
 Total Traceable Variables  : 276
 Total Scalar Nets and Variables : 10107
Total Line Count : 731

 Total Simulation Time: 0.5625 sec

 Current Memory Usage: 5208.33 Meg

Sun Jun 07 17:08:18 2020

