Command line:
   merge_conIR_isim_beh.exe
     -simmode  gui
     -simrunnum  0
     -socket  54901

Sun Jun 07 17:25:13 2020


 Elaboration Time: 0.203125 sec

 Current Memory Usage: 5845.38 Meg

 Total Signals          : 2043
 Total Nets             : 1030
 Total Signal Drivers   : 373
 Total Blocks           : 500
 Total Primitive Blocks : 273
 Total Processes        : 515
 Total Traceable Variables  : 287
 Total Scalar Nets and Variables : 33027
Total Line Count : 843

 Total Simulation Time: 0.375 sec

 Current Memory Usage: 5845.34 Meg

Sun Jun 07 17:25:59 2020

