Command line:
   MROM_isim_beh.exe
     -simmode  gui
     -simrunnum  0
     -socket  51659

Tue Jun 02 16:35:02 2020


 Elaboration Time: 0.078125 sec

 Current Memory Usage: 5159.53 Meg

 Total Signals          : 61
 Total Nets             : 485
 Total Signal Drivers   : 31
 Total Blocks           : 5
 Total Primitive Blocks : 2
 Total Processes        : 41
 Total Traceable Variables  : 73
 Total Scalar Nets and Variables : 9544
Total Line Count : 279

 Total Simulation Time: 0.078125 sec

 Current Memory Usage: 5474.1 Meg

Tue Jun 02 16:35:59 2020

