Command line:
   CPU_main_isim_beh.exe
     -simmode  gui
     -simrunnum  0
     -socket  1854

Mon Jun 08 20:05:26 2020


 Elaboration Time: 0.25 sec

 Current Memory Usage: 891.949 Meg

 Total Signals          : 6949
 Total Nets             : 9004
 Total Signal Drivers   : 1154
 Total Blocks           : 1317
 Total Primitive Blocks : 852
 Total Processes        : 1376
 Total Traceable Variables  : 386
 Total Scalar Nets and Variables : 58731
Total Line Count : 1705
Total Line Count : 1705

 Total Simulation Time: 0.796875 sec

 Current Memory Usage: 734.663 Meg

Mon Jun 08 20:29:43 2020

