Command line:
   MROM_isim_beh.exe
     -simmode  gui
     -simrunnum  0
     -socket  54694

Sun Jun 07 15:07:20 2020


 Elaboration Time: 0.203125 sec

 Current Memory Usage: 5832.78 Meg

 Total Signals          : 64
 Total Nets             : 492
 Total Signal Drivers   : 32
 Total Blocks           : 5
 Total Primitive Blocks : 2
 Total Processes        : 42
 Total Traceable Variables  : 73
 Total Scalar Nets and Variables : 9567
Total Line Count : 280

 Total Simulation Time: 0.203125 sec

 Current Memory Usage: 5832.74 Meg

Sun Jun 07 15:08:18 2020

